Release 14.2 - xst P.28xd (nt)
Copyright (c) 1995-2012 Xilinx, Inc.  All rights reserved.
--> Parameter TMPDIR set to xst/projnav.tmp


Total REAL time to Xst completion: 2.00 secs
Total CPU time to Xst completion: 1.42 secs
 
--> Parameter xsthdpdir set to xst


Total REAL time to Xst completion: 2.00 secs
Total CPU time to Xst completion: 1.44 secs
 
--> Reading design: PC_RI_Memo_Datapath.prj

TABLE OF CONTENTS
  1) Synthesis Options Summary
  2) HDL Compilation
  3) Design Hierarchy Analysis
  4) HDL Analysis
  5) HDL Synthesis
     5.1) HDL Synthesis Report
  6) Advanced HDL Synthesis
     6.1) Advanced HDL Synthesis Report
  7) Low Level Synthesis
  8) Partition Report
  9) Final Report
	9.1) Device utilization summary
	9.2) Partition Resource Summary
	9.3) TIMING REPORT


=========================================================================
*                      Synthesis Options Summary                        *
=========================================================================
---- Source Parameters
Input File Name                    : "PC_RI_Memo_Datapath.prj"
Input Format                       : mixed
Ignore Synthesis Constraint File   : NO

---- Target Parameters
Output File Name                   : "PC_RI_Memo_Datapath"
Output Format                      : NGC
Target Device                      : xc3s100e-4-cp132

---- Source Options
Top Module Name                    : PC_RI_Memo_Datapath
Automatic FSM Extraction           : YES
FSM Encoding Algorithm             : Auto
Safe Implementation                : No
FSM Style                          : LUT
RAM Extraction                     : Yes
RAM Style                          : Auto
ROM Extraction                     : Yes
Mux Style                          : Auto
Decoder Extraction                 : YES
Priority Encoder Extraction        : Yes
Shift Register Extraction          : YES
Logical Shifter Extraction         : YES
XOR Collapsing                     : YES
ROM Style                          : Auto
Mux Extraction                     : Yes
Resource Sharing                   : YES
Asynchronous To Synchronous        : NO
Multiplier Style                   : Auto
Automatic Register Balancing       : No

---- Target Options
Add IO Buffers                     : YES
Global Maximum Fanout              : 100000
Add Generic Clock Buffer(BUFG)     : 24
Register Duplication               : YES
Slice Packing                      : YES
Optimize Instantiated Primitives   : NO
Use Clock Enable                   : Yes
Use Synchronous Set                : Yes
Use Synchronous Reset              : Yes
Pack IO Registers into IOBs        : Auto
Equivalent register Removal        : YES

---- General Options
Optimization Goal                  : Speed
Optimization Effort                : 1
Keep Hierarchy                     : No
Netlist Hierarchy                  : As_Optimized
RTL Output                         : Yes
Global Optimization                : AllClockNets
Read Cores                         : YES
Write Timing Constraints           : NO
Cross Clock Analysis               : NO
Hierarchy Separator                : /
Bus Delimiter                      : <>
Case Specifier                     : Maintain
Slice Utilization Ratio            : 100
BRAM Utilization Ratio             : 100
Verilog 2001                       : YES
Auto BRAM Packing                  : NO
Slice Utilization Ratio Delta      : 5

=========================================================================


=========================================================================
*                          HDL Compilation                              *
=========================================================================
Compiling vhdl file "C:/Users/Jabikun/Desktop/TDC/Py_SimpleMachine/ALU_8bits.vhd" in Library work.
Architecture behavioral of Entity alu_8bits is up to date.
Compiling vhdl file "C:/Users/Jabikun/Desktop/TDC/Py_SimpleMachine/Reg_8bits.vhd" in Library work.
Architecture behavioral of Entity reg_8bits is up to date.
Compiling vhdl file "C:/Users/Jabikun/Desktop/TDC/Py_SimpleMachine/RegFZ.vhd" in Library work.
Architecture behavioral of Entity regfz is up to date.
Compiling vhdl file "C:/Users/Jabikun/Desktop/TDC/Py_SimpleMachine/Datapath.vhd" in Library work.
Architecture structural of Entity datapath is up to date.
Compiling vhdl file "C:/Users/Jabikun/Desktop/TDC/Py_SimpleMachine/Memo_8x8.vhd" in Library work.
Architecture behavioral of Entity memo_8x8 is up to date.
Compiling vhdl file "C:/Users/Jabikun/Desktop/TDC/Py_SimpleMachine/Memo_Datapath.vhd" in Library work.
Architecture structural of Entity memo_datapath is up to date.
Compiling vhdl file "C:/Users/Jabikun/Desktop/TDC/Py_SimpleMachine/RegInst.vhd" in Library work.
Architecture behavioral of Entity reginst is up to date.
Compiling vhdl file "C:/Users/Jabikun/Desktop/TDC/Py_SimpleMachine/RI_Memo_Datapath.vhd" in Library work.
Architecture structural of Entity ri_memo_datapath is up to date.
Compiling vhdl file "C:/Users/Jabikun/Desktop/TDC/Py_SimpleMachine/MpxAddress.vhd" in Library work.
Architecture behavioral of Entity mpxaddress is up to date.
Compiling vhdl file "C:/Users/Jabikun/Desktop/TDC/Py_SimpleMachine/RegPC.vhd" in Library work.
Architecture behavioral of Entity regpc is up to date.
Compiling vhdl file "C:/Users/Jabikun/Desktop/TDC/Py_SimpleMachine/IncPC.vhd" in Library work.
Architecture behavioral of Entity incpc is up to date.
Compiling vhdl file "C:/Users/Jabikun/Desktop/TDC/Py_SimpleMachine/PC_RI_Memo_Datapath.vhd" in Library work.
Architecture structural of Entity pc_ri_memo_datapath is up to date.

=========================================================================
*                     Design Hierarchy Analysis                         *
=========================================================================
Analyzing hierarchy for entity <PC_RI_Memo_Datapath> in library <work> (architecture <structural>).

Analyzing hierarchy for entity <RI_Memo_Datapath> in library <work> (architecture <structural>).

Analyzing hierarchy for entity <MpxAddress> in library <work> (architecture <behavioral>).

Analyzing hierarchy for entity <RegPC> in library <work> (architecture <behavioral>).

Analyzing hierarchy for entity <IncPC> in library <work> (architecture <behavioral>).

Analyzing hierarchy for entity <Memo_Datapath> in library <work> (architecture <structural>).

Analyzing hierarchy for entity <RegInst> in library <work> (architecture <behavioral>).

Analyzing hierarchy for entity <Datapath> in library <work> (architecture <structural>).

Analyzing hierarchy for entity <Memo_8x8> in library <work> (architecture <behavioral>).

Analyzing hierarchy for entity <ALU_8bits> in library <work> (architecture <behavioral>).

Analyzing hierarchy for entity <Reg_8bits> in library <work> (architecture <behavioral>).

Analyzing hierarchy for entity <RegFZ> in library <work> (architecture <behavioral>).


=========================================================================
*                            HDL Analysis                               *
=========================================================================
Analyzing Entity <PC_RI_Memo_Datapath> in library <work> (Architecture <structural>).
Entity <PC_RI_Memo_Datapath> analyzed. Unit <PC_RI_Memo_Datapath> generated.

Analyzing Entity <RI_Memo_Datapath> in library <work> (Architecture <structural>).
Entity <RI_Memo_Datapath> analyzed. Unit <RI_Memo_Datapath> generated.

Analyzing Entity <Memo_Datapath> in library <work> (Architecture <structural>).
Entity <Memo_Datapath> analyzed. Unit <Memo_Datapath> generated.

Analyzing Entity <Datapath> in library <work> (Architecture <structural>).
Entity <Datapath> analyzed. Unit <Datapath> generated.

Analyzing Entity <ALU_8bits> in library <work> (Architecture <behavioral>).
INFO:Xst:1561 - "C:/Users/Jabikun/Desktop/TDC/Py_SimpleMachine/ALU_8bits.vhd" line 52: Mux is complete : default of case is discarded
Entity <ALU_8bits> analyzed. Unit <ALU_8bits> generated.

Analyzing Entity <Reg_8bits> in library <work> (Architecture <behavioral>).
Entity <Reg_8bits> analyzed. Unit <Reg_8bits> generated.

Analyzing Entity <RegFZ> in library <work> (Architecture <behavioral>).
Entity <RegFZ> analyzed. Unit <RegFZ> generated.

Analyzing Entity <Memo_8x8> in library <work> (Architecture <behavioral>).
Entity <Memo_8x8> analyzed. Unit <Memo_8x8> generated.

Analyzing Entity <RegInst> in library <work> (Architecture <behavioral>).
Entity <RegInst> analyzed. Unit <RegInst> generated.

Analyzing Entity <MpxAddress> in library <work> (Architecture <behavioral>).
Entity <MpxAddress> analyzed. Unit <MpxAddress> generated.

Analyzing Entity <RegPC> in library <work> (Architecture <behavioral>).
Entity <RegPC> analyzed. Unit <RegPC> generated.

Analyzing Entity <IncPC> in library <work> (Architecture <behavioral>).
Entity <IncPC> analyzed. Unit <IncPC> generated.


=========================================================================
*                           HDL Synthesis                               *
=========================================================================

Performing bidirectional port resolution...

Synthesizing Unit <MpxAddress>.
    Related source file is "C:/Users/Jabikun/Desktop/TDC/Py_SimpleMachine/MpxAddress.vhd".
    Found 3-bit 4-to-1 multiplexer for signal <Z>.
    Summary:
	inferred   3 Multiplexer(s).
Unit <MpxAddress> synthesized.


Synthesizing Unit <RegPC>.
    Related source file is "C:/Users/Jabikun/Desktop/TDC/Py_SimpleMachine/RegPC.vhd".
    Found 3-bit register for signal <DataOut>.
    Summary:
	inferred   3 D-type flip-flop(s).
Unit <RegPC> synthesized.


Synthesizing Unit <IncPC>.
    Related source file is "C:/Users/Jabikun/Desktop/TDC/Py_SimpleMachine/IncPC.vhd".
    Found 3-bit adder for signal <inc>.
    Summary:
	inferred   1 Adder/Subtractor(s).
Unit <IncPC> synthesized.


Synthesizing Unit <RegInst>.
    Related source file is "C:/Users/Jabikun/Desktop/TDC/Py_SimpleMachine/RegInst.vhd".
    Found 8-bit register for signal <DataOut>.
    Summary:
	inferred   8 D-type flip-flop(s).
Unit <RegInst> synthesized.


Synthesizing Unit <Memo_8x8>.
    Related source file is "C:/Users/Jabikun/Desktop/TDC/Py_SimpleMachine/Memo_8x8.vhd".
    Found 8-bit register for signal <DataOut>.
    Found 8-bit 8-to-1 multiplexer for signal <$varindex0000> created at line 65.
    Found 64-bit register for signal <MEMO>.
    Summary:
	inferred  16 D-type flip-flop(s).
	inferred   8 Multiplexer(s).
Unit <Memo_8x8> synthesized.


Synthesizing Unit <ALU_8bits>.
    Related source file is "C:/Users/Jabikun/Desktop/TDC/Py_SimpleMachine/ALU_8bits.vhd".
    Found 8-bit 4-to-1 multiplexer for signal <signal_res>.
    Found 8-bit addsub for signal <signal_res$addsub0000>.
    Summary:
	inferred   1 Adder/Subtractor(s).
	inferred   8 Multiplexer(s).
Unit <ALU_8bits> synthesized.


Synthesizing Unit <Reg_8bits>.
    Related source file is "C:/Users/Jabikun/Desktop/TDC/Py_SimpleMachine/Reg_8bits.vhd".
    Found 8-bit register for signal <DataOut>.
    Summary:
	inferred   8 D-type flip-flop(s).
Unit <Reg_8bits> synthesized.


Synthesizing Unit <RegFZ>.
    Related source file is "C:/Users/Jabikun/Desktop/TDC/Py_SimpleMachine/RegFZ.vhd".
    Found 1-bit register for signal <DataOut>.
    Summary:
	inferred   1 D-type flip-flop(s).
Unit <RegFZ> synthesized.


Synthesizing Unit <Datapath>.
    Related source file is "C:/Users/Jabikun/Desktop/TDC/Py_SimpleMachine/Datapath.vhd".
Unit <Datapath> synthesized.


Synthesizing Unit <Memo_Datapath>.
    Related source file is "C:/Users/Jabikun/Desktop/TDC/Py_SimpleMachine/Memo_Datapath.vhd".
Unit <Memo_Datapath> synthesized.


Synthesizing Unit <RI_Memo_Datapath>.
    Related source file is "C:/Users/Jabikun/Desktop/TDC/Py_SimpleMachine/RI_Memo_Datapath.vhd".
Unit <RI_Memo_Datapath> synthesized.


Synthesizing Unit <PC_RI_Memo_Datapath>.
    Related source file is "C:/Users/Jabikun/Desktop/TDC/Py_SimpleMachine/PC_RI_Memo_Datapath.vhd".
Unit <PC_RI_Memo_Datapath> synthesized.

INFO:Xst:1767 - HDL ADVISOR - Resource sharing has identified that some arithmetic operations in this design can share the same physical resources for reduced device utilization. For improved clock frequency you may try to disable resource sharing.

=========================================================================
HDL Synthesis Report

Macro Statistics
# Adders/Subtractors                                   : 2
 3-bit adder                                           : 1
 8-bit addsub                                          : 1
# Registers                                            : 14
 1-bit register                                        : 1
 3-bit register                                        : 1
 8-bit register                                        : 12
# Multiplexers                                         : 3
 3-bit 4-to-1 multiplexer                              : 1
 8-bit 4-to-1 multiplexer                              : 1
 8-bit 8-to-1 multiplexer                              : 1

=========================================================================

=========================================================================
*                       Advanced HDL Synthesis                          *
=========================================================================


=========================================================================
Advanced HDL Synthesis Report

Macro Statistics
# Adders/Subtractors                                   : 2
 3-bit adder                                           : 1
 8-bit addsub                                          : 1
# Registers                                            : 100
 Flip-Flops                                            : 100
# Multiplexers                                         : 3
 3-bit 4-to-1 multiplexer                              : 1
 8-bit 4-to-1 multiplexer                              : 1
 8-bit 8-to-1 multiplexer                              : 1

=========================================================================

=========================================================================
*                         Low Level Synthesis                           *
=========================================================================

Optimizing unit <PC_RI_Memo_Datapath> ...

Optimizing unit <RegInst> ...

Optimizing unit <Memo_8x8> ...

Mapping all equations...
Building and optimizing final netlist ...
Found area constraint ratio of 100 (+ 5) on block PC_RI_Memo_Datapath, actual ratio is 8.

Final Macro Processing ...

=========================================================================
Final Register Report

Macro Statistics
# Registers                                            : 100
 Flip-Flops                                            : 100

=========================================================================

=========================================================================
*                           Partition Report                            *
=========================================================================

Partition Implementation Status
-------------------------------

  No Partitions were found in this design.

-------------------------------

=========================================================================
*                            Final Report                               *
=========================================================================
Final Results
RTL Top Level Output File Name     : PC_RI_Memo_Datapath.ngr
Top Level Output File Name         : PC_RI_Memo_Datapath
Output Format                      : NGC
Optimization Goal                  : Speed
Keep Hierarchy                     : No

Design Statistics
# IOs                              : 56

Cell Usage :
# BELS                             : 119
#      INV                         : 1
#      LUT2                        : 2
#      LUT3                        : 48
#      LUT3_D                      : 1
#      LUT3_L                      : 3
#      LUT4                        : 25
#      MUXCY                       : 7
#      MUXF5                       : 16
#      MUXF6                       : 8
#      XORCY                       : 8
# FlipFlops/Latches                : 100
#      FDCE                        : 72
#      FDE                         : 8
#      FDPE                        : 20
# Clock Buffers                    : 1
#      BUFGP                       : 1
# IO Buffers                       : 55
#      IBUF                        : 11
#      OBUF                        : 44
=========================================================================

Device utilization summary:
---------------------------

Selected Device : 3s100ecp132-4 

 Number of Slices:                       86  out of    960     8%  
 Number of Slice Flip Flops:            100  out of   1920     5%  
 Number of 4 input LUTs:                 80  out of   1920     4%  
 Number of IOs:                          56
 Number of bonded IOBs:                  56  out of     83    67%  
 Number of GCLKs:                         1  out of     24     4%  

---------------------------
Partition Resource Summary:
---------------------------

  No Partitions were found in this design.

---------------------------


=========================================================================
TIMING REPORT

NOTE: THESE TIMING NUMBERS ARE ONLY A SYNTHESIS ESTIMATE.
      FOR ACCURATE TIMING INFORMATION PLEASE REFER TO THE TRACE REPORT
      GENERATED AFTER PLACE-and-ROUTE.

Clock Information:
------------------
-----------------------------------+------------------------+-------+
Clock Signal                       | Clock buffer(FF name)  | Load  |
-----------------------------------+------------------------+-------+
CLK                                | BUFGP                  | 100   |
-----------------------------------+------------------------+-------+

Asynchronous Control Signals Information:
----------------------------------------
-----------------------------------+------------------------+-------+
Control Signal                     | Buffer(FF name)        | Load  |
-----------------------------------+------------------------+-------+
Reset                              | IBUF                   | 92    |
-----------------------------------+------------------------+-------+

Timing Summary:
---------------
Speed Grade: -4

   Minimum period: 7.567ns (Maximum Frequency: 132.153MHz)
   Minimum input arrival time before clock: 10.316ns
   Maximum output required time after clock: 8.872ns
   Maximum combinational path delay: 11.621ns

Timing Detail:
--------------
All values displayed in nanoseconds (ns)

=========================================================================
Timing constraint: Default period analysis for Clock 'CLK'
  Clock period: 7.567ns (frequency: 132.153MHz)
  Total number of paths / destination ports: 1930 / 164
-------------------------------------------------------------------------
Delay:               7.567ns (Levels of Logic = 9)
  Source:            Inst_RI_Memo_Datapath/Inst_Memo_Datapath/Inst_Datapath/Inst_RegB/DataOut_0 (FF)
  Destination:       Inst_RI_Memo_Datapath/Inst_Memo_Datapath/Inst_Datapath/Inst_RegFZ/DataOut (FF)
  Source Clock:      CLK rising
  Destination Clock: CLK rising

  Data Path: Inst_RI_Memo_Datapath/Inst_Memo_Datapath/Inst_Datapath/Inst_RegB/DataOut_0 to Inst_RI_Memo_Datapath/Inst_Memo_Datapath/Inst_Datapath/Inst_RegFZ/DataOut
                                Gate     Net
    Cell:in->out      fanout   Delay   Delay  Logical Name (Net Name)
    ----------------------------------------  ------------
     FDCE:C->Q             4   0.591   0.622  Inst_RI_Memo_Datapath/Inst_Memo_Datapath/Inst_Datapath/Inst_RegB/DataOut_0 (Inst_RI_Memo_Datapath/Inst_Memo_Datapath/Inst_Datapath/Inst_RegB/DataOut_0)
     LUT3:I2->O            1   0.704   0.000  Inst_RI_Memo_Datapath/Inst_Memo_Datapath/Inst_Datapath/Inst_ALU_8bits/Maddsub_signal_res_addsub0000_lut<0> (Inst_RI_Memo_Datapath/Inst_Memo_Datapath/Inst_Datapath/Inst_ALU_8bits/Maddsub_signal_res_addsub0000_lut<0>)
     MUXCY:S->O            1   0.464   0.000  Inst_RI_Memo_Datapath/Inst_Memo_Datapath/Inst_Datapath/Inst_ALU_8bits/Maddsub_signal_res_addsub0000_cy<0> (Inst_RI_Memo_Datapath/Inst_Memo_Datapath/Inst_Datapath/Inst_ALU_8bits/Maddsub_signal_res_addsub0000_cy<0>)
     MUXCY:CI->O           1   0.059   0.000  Inst_RI_Memo_Datapath/Inst_Memo_Datapath/Inst_Datapath/Inst_ALU_8bits/Maddsub_signal_res_addsub0000_cy<1> (Inst_RI_Memo_Datapath/Inst_Memo_Datapath/Inst_Datapath/Inst_ALU_8bits/Maddsub_signal_res_addsub0000_cy<1>)
     MUXCY:CI->O           1   0.059   0.000  Inst_RI_Memo_Datapath/Inst_Memo_Datapath/Inst_Datapath/Inst_ALU_8bits/Maddsub_signal_res_addsub0000_cy<2> (Inst_RI_Memo_Datapath/Inst_Memo_Datapath/Inst_Datapath/Inst_ALU_8bits/Maddsub_signal_res_addsub0000_cy<2>)
     MUXCY:CI->O           1   0.059   0.000  Inst_RI_Memo_Datapath/Inst_Memo_Datapath/Inst_Datapath/Inst_ALU_8bits/Maddsub_signal_res_addsub0000_cy<3> (Inst_RI_Memo_Datapath/Inst_Memo_Datapath/Inst_Datapath/Inst_ALU_8bits/Maddsub_signal_res_addsub0000_cy<3>)
     XORCY:CI->O           1   0.804   0.424  Inst_RI_Memo_Datapath/Inst_Memo_Datapath/Inst_Datapath/Inst_ALU_8bits/Maddsub_signal_res_addsub0000_xor<4> (Inst_RI_Memo_Datapath/Inst_Memo_Datapath/Inst_Datapath/Inst_ALU_8bits/signal_res_addsub0000<4>)
     LUT4:I3->O           11   0.704   0.937  Inst_RI_Memo_Datapath/Inst_Memo_Datapath/Inst_Datapath/Inst_ALU_8bits/Mmux_signal_res101 (SalALU_4_OBUF)
     LUT4:I3->O            1   0.704   0.424  Inst_RI_Memo_Datapath/Inst_Memo_Datapath/Inst_Datapath/Inst_ALU_8bits/SalFZ_cmp_eq000028_SW0_SW0 (N10)
     LUT4:I3->O            1   0.704   0.000  Inst_RI_Memo_Datapath/Inst_Memo_Datapath/Inst_Datapath/Inst_ALU_8bits/SalFZ_cmp_eq000028 (Inst_RI_Memo_Datapath/Inst_Memo_Datapath/Inst_Datapath/signal_RegFZ)
     FDCE:D                    0.308          Inst_RI_Memo_Datapath/Inst_Memo_Datapath/Inst_Datapath/Inst_RegFZ/DataOut
    ----------------------------------------
    Total                      7.567ns (5.160ns logic, 2.407ns route)
                                       (68.2% logic, 31.8% route)

=========================================================================
Timing constraint: Default OFFSET IN BEFORE for Clock 'CLK'
  Total number of paths / destination ports: 1908 / 176
-------------------------------------------------------------------------
Offset:              10.316ns (Levels of Logic = 11)
  Source:            CW9_CW8<0> (PAD)
  Destination:       Inst_RI_Memo_Datapath/Inst_Memo_Datapath/Inst_Datapath/Inst_RegFZ/DataOut (FF)
  Destination Clock: CLK rising

  Data Path: CW9_CW8<0> to Inst_RI_Memo_Datapath/Inst_Memo_Datapath/Inst_Datapath/Inst_RegFZ/DataOut
                                Gate     Net
    Cell:in->out      fanout   Delay   Delay  Logical Name (Net Name)
    ----------------------------------------  ------------
     IBUF:I->O            11   1.218   1.108  CW9_CW8_0_IBUF (CW9_CW8_0_IBUF)
     LUT2:I0->O            8   0.704   0.932  Inst_RI_Memo_Datapath/Inst_Memo_Datapath/Inst_Datapath/Inst_ALU_8bits/signal_res_mux00002 (Inst_RI_Memo_Datapath/Inst_Memo_Datapath/Inst_Datapath/Inst_ALU_8bits/signal_res_mux0000)
     LUT3:I0->O            1   0.704   0.000  Inst_RI_Memo_Datapath/Inst_Memo_Datapath/Inst_Datapath/Inst_ALU_8bits/Maddsub_signal_res_addsub0000_lut<0> (Inst_RI_Memo_Datapath/Inst_Memo_Datapath/Inst_Datapath/Inst_ALU_8bits/Maddsub_signal_res_addsub0000_lut<0>)
     MUXCY:S->O            1   0.464   0.000  Inst_RI_Memo_Datapath/Inst_Memo_Datapath/Inst_Datapath/Inst_ALU_8bits/Maddsub_signal_res_addsub0000_cy<0> (Inst_RI_Memo_Datapath/Inst_Memo_Datapath/Inst_Datapath/Inst_ALU_8bits/Maddsub_signal_res_addsub0000_cy<0>)
     MUXCY:CI->O           1   0.059   0.000  Inst_RI_Memo_Datapath/Inst_Memo_Datapath/Inst_Datapath/Inst_ALU_8bits/Maddsub_signal_res_addsub0000_cy<1> (Inst_RI_Memo_Datapath/Inst_Memo_Datapath/Inst_Datapath/Inst_ALU_8bits/Maddsub_signal_res_addsub0000_cy<1>)
     MUXCY:CI->O           1   0.059   0.000  Inst_RI_Memo_Datapath/Inst_Memo_Datapath/Inst_Datapath/Inst_ALU_8bits/Maddsub_signal_res_addsub0000_cy<2> (Inst_RI_Memo_Datapath/Inst_Memo_Datapath/Inst_Datapath/Inst_ALU_8bits/Maddsub_signal_res_addsub0000_cy<2>)
     MUXCY:CI->O           1   0.059   0.000  Inst_RI_Memo_Datapath/Inst_Memo_Datapath/Inst_Datapath/Inst_ALU_8bits/Maddsub_signal_res_addsub0000_cy<3> (Inst_RI_Memo_Datapath/Inst_Memo_Datapath/Inst_Datapath/Inst_ALU_8bits/Maddsub_signal_res_addsub0000_cy<3>)
     XORCY:CI->O           1   0.804   0.424  Inst_RI_Memo_Datapath/Inst_Memo_Datapath/Inst_Datapath/Inst_ALU_8bits/Maddsub_signal_res_addsub0000_xor<4> (Inst_RI_Memo_Datapath/Inst_Memo_Datapath/Inst_Datapath/Inst_ALU_8bits/signal_res_addsub0000<4>)
     LUT4:I3->O           11   0.704   0.937  Inst_RI_Memo_Datapath/Inst_Memo_Datapath/Inst_Datapath/Inst_ALU_8bits/Mmux_signal_res101 (SalALU_4_OBUF)
     LUT4:I3->O            1   0.704   0.424  Inst_RI_Memo_Datapath/Inst_Memo_Datapath/Inst_Datapath/Inst_ALU_8bits/SalFZ_cmp_eq000028_SW0_SW0 (N10)
     LUT4:I3->O            1   0.704   0.000  Inst_RI_Memo_Datapath/Inst_Memo_Datapath/Inst_Datapath/Inst_ALU_8bits/SalFZ_cmp_eq000028 (Inst_RI_Memo_Datapath/Inst_Memo_Datapath/Inst_Datapath/signal_RegFZ)
     FDCE:D                    0.308          Inst_RI_Memo_Datapath/Inst_Memo_Datapath/Inst_Datapath/Inst_RegFZ/DataOut
    ----------------------------------------
    Total                     10.316ns (6.491ns logic, 3.825ns route)
                                       (62.9% logic, 37.1% route)

=========================================================================
Timing constraint: Default OFFSET OUT AFTER for Clock 'CLK'
  Total number of paths / destination ports: 150 / 44
-------------------------------------------------------------------------
Offset:              8.872ns (Levels of Logic = 11)
  Source:            Inst_RI_Memo_Datapath/Inst_Memo_Datapath/Inst_Datapath/Inst_RegB/DataOut_0 (FF)
  Destination:       SalALU<7> (PAD)
  Source Clock:      CLK rising

  Data Path: Inst_RI_Memo_Datapath/Inst_Memo_Datapath/Inst_Datapath/Inst_RegB/DataOut_0 to SalALU<7>
                                Gate     Net
    Cell:in->out      fanout   Delay   Delay  Logical Name (Net Name)
    ----------------------------------------  ------------
     FDCE:C->Q             4   0.591   0.622  Inst_RI_Memo_Datapath/Inst_Memo_Datapath/Inst_Datapath/Inst_RegB/DataOut_0 (Inst_RI_Memo_Datapath/Inst_Memo_Datapath/Inst_Datapath/Inst_RegB/DataOut_0)
     LUT3:I2->O            1   0.704   0.000  Inst_RI_Memo_Datapath/Inst_Memo_Datapath/Inst_Datapath/Inst_ALU_8bits/Maddsub_signal_res_addsub0000_lut<0> (Inst_RI_Memo_Datapath/Inst_Memo_Datapath/Inst_Datapath/Inst_ALU_8bits/Maddsub_signal_res_addsub0000_lut<0>)
     MUXCY:S->O            1   0.464   0.000  Inst_RI_Memo_Datapath/Inst_Memo_Datapath/Inst_Datapath/Inst_ALU_8bits/Maddsub_signal_res_addsub0000_cy<0> (Inst_RI_Memo_Datapath/Inst_Memo_Datapath/Inst_Datapath/Inst_ALU_8bits/Maddsub_signal_res_addsub0000_cy<0>)
     MUXCY:CI->O           1   0.059   0.000  Inst_RI_Memo_Datapath/Inst_Memo_Datapath/Inst_Datapath/Inst_ALU_8bits/Maddsub_signal_res_addsub0000_cy<1> (Inst_RI_Memo_Datapath/Inst_Memo_Datapath/Inst_Datapath/Inst_ALU_8bits/Maddsub_signal_res_addsub0000_cy<1>)
     MUXCY:CI->O           1   0.059   0.000  Inst_RI_Memo_Datapath/Inst_Memo_Datapath/Inst_Datapath/Inst_ALU_8bits/Maddsub_signal_res_addsub0000_cy<2> (Inst_RI_Memo_Datapath/Inst_Memo_Datapath/Inst_Datapath/Inst_ALU_8bits/Maddsub_signal_res_addsub0000_cy<2>)
     MUXCY:CI->O           1   0.059   0.000  Inst_RI_Memo_Datapath/Inst_Memo_Datapath/Inst_Datapath/Inst_ALU_8bits/Maddsub_signal_res_addsub0000_cy<3> (Inst_RI_Memo_Datapath/Inst_Memo_Datapath/Inst_Datapath/Inst_ALU_8bits/Maddsub_signal_res_addsub0000_cy<3>)
     MUXCY:CI->O           1   0.059   0.000  Inst_RI_Memo_Datapath/Inst_Memo_Datapath/Inst_Datapath/Inst_ALU_8bits/Maddsub_signal_res_addsub0000_cy<4> (Inst_RI_Memo_Datapath/Inst_Memo_Datapath/Inst_Datapath/Inst_ALU_8bits/Maddsub_signal_res_addsub0000_cy<4>)
     MUXCY:CI->O           1   0.059   0.000  Inst_RI_Memo_Datapath/Inst_Memo_Datapath/Inst_Datapath/Inst_ALU_8bits/Maddsub_signal_res_addsub0000_cy<5> (Inst_RI_Memo_Datapath/Inst_Memo_Datapath/Inst_Datapath/Inst_ALU_8bits/Maddsub_signal_res_addsub0000_cy<5>)
     MUXCY:CI->O           0   0.059   0.000  Inst_RI_Memo_Datapath/Inst_Memo_Datapath/Inst_Datapath/Inst_ALU_8bits/Maddsub_signal_res_addsub0000_cy<6> (Inst_RI_Memo_Datapath/Inst_Memo_Datapath/Inst_Datapath/Inst_ALU_8bits/Maddsub_signal_res_addsub0000_cy<6>)
     XORCY:CI->O           1   0.804   0.424  Inst_RI_Memo_Datapath/Inst_Memo_Datapath/Inst_Datapath/Inst_ALU_8bits/Maddsub_signal_res_addsub0000_xor<7> (Inst_RI_Memo_Datapath/Inst_Memo_Datapath/Inst_Datapath/Inst_ALU_8bits/signal_res_addsub0000<7>)
     LUT4:I3->O           11   0.704   0.933  Inst_RI_Memo_Datapath/Inst_Memo_Datapath/Inst_Datapath/Inst_ALU_8bits/Mmux_signal_res161 (SalALU_7_OBUF)
     OBUF:I->O                 3.272          SalALU_7_OBUF (SalALU<7>)
    ----------------------------------------
    Total                      8.872ns (6.893ns logic, 1.979ns route)
                                       (77.7% logic, 22.3% route)

=========================================================================
Timing constraint: Default path analysis
  Total number of paths / destination ports: 113 / 11
-------------------------------------------------------------------------
Delay:               11.621ns (Levels of Logic = 13)
  Source:            CW9_CW8<0> (PAD)
  Destination:       SalALU<7> (PAD)

  Data Path: CW9_CW8<0> to SalALU<7>
                                Gate     Net
    Cell:in->out      fanout   Delay   Delay  Logical Name (Net Name)
    ----------------------------------------  ------------
     IBUF:I->O            11   1.218   1.108  CW9_CW8_0_IBUF (CW9_CW8_0_IBUF)
     LUT2:I0->O            8   0.704   0.932  Inst_RI_Memo_Datapath/Inst_Memo_Datapath/Inst_Datapath/Inst_ALU_8bits/signal_res_mux00002 (Inst_RI_Memo_Datapath/Inst_Memo_Datapath/Inst_Datapath/Inst_ALU_8bits/signal_res_mux0000)
     LUT3:I0->O            1   0.704   0.000  Inst_RI_Memo_Datapath/Inst_Memo_Datapath/Inst_Datapath/Inst_ALU_8bits/Maddsub_signal_res_addsub0000_lut<0> (Inst_RI_Memo_Datapath/Inst_Memo_Datapath/Inst_Datapath/Inst_ALU_8bits/Maddsub_signal_res_addsub0000_lut<0>)
     MUXCY:S->O            1   0.464   0.000  Inst_RI_Memo_Datapath/Inst_Memo_Datapath/Inst_Datapath/Inst_ALU_8bits/Maddsub_signal_res_addsub0000_cy<0> (Inst_RI_Memo_Datapath/Inst_Memo_Datapath/Inst_Datapath/Inst_ALU_8bits/Maddsub_signal_res_addsub0000_cy<0>)
     MUXCY:CI->O           1   0.059   0.000  Inst_RI_Memo_Datapath/Inst_Memo_Datapath/Inst_Datapath/Inst_ALU_8bits/Maddsub_signal_res_addsub0000_cy<1> (Inst_RI_Memo_Datapath/Inst_Memo_Datapath/Inst_Datapath/Inst_ALU_8bits/Maddsub_signal_res_addsub0000_cy<1>)
     MUXCY:CI->O           1   0.059   0.000  Inst_RI_Memo_Datapath/Inst_Memo_Datapath/Inst_Datapath/Inst_ALU_8bits/Maddsub_signal_res_addsub0000_cy<2> (Inst_RI_Memo_Datapath/Inst_Memo_Datapath/Inst_Datapath/Inst_ALU_8bits/Maddsub_signal_res_addsub0000_cy<2>)
     MUXCY:CI->O           1   0.059   0.000  Inst_RI_Memo_Datapath/Inst_Memo_Datapath/Inst_Datapath/Inst_ALU_8bits/Maddsub_signal_res_addsub0000_cy<3> (Inst_RI_Memo_Datapath/Inst_Memo_Datapath/Inst_Datapath/Inst_ALU_8bits/Maddsub_signal_res_addsub0000_cy<3>)
     MUXCY:CI->O           1   0.059   0.000  Inst_RI_Memo_Datapath/Inst_Memo_Datapath/Inst_Datapath/Inst_ALU_8bits/Maddsub_signal_res_addsub0000_cy<4> (Inst_RI_Memo_Datapath/Inst_Memo_Datapath/Inst_Datapath/Inst_ALU_8bits/Maddsub_signal_res_addsub0000_cy<4>)
     MUXCY:CI->O           1   0.059   0.000  Inst_RI_Memo_Datapath/Inst_Memo_Datapath/Inst_Datapath/Inst_ALU_8bits/Maddsub_signal_res_addsub0000_cy<5> (Inst_RI_Memo_Datapath/Inst_Memo_Datapath/Inst_Datapath/Inst_ALU_8bits/Maddsub_signal_res_addsub0000_cy<5>)
     MUXCY:CI->O           0   0.059   0.000  Inst_RI_Memo_Datapath/Inst_Memo_Datapath/Inst_Datapath/Inst_ALU_8bits/Maddsub_signal_res_addsub0000_cy<6> (Inst_RI_Memo_Datapath/Inst_Memo_Datapath/Inst_Datapath/Inst_ALU_8bits/Maddsub_signal_res_addsub0000_cy<6>)
     XORCY:CI->O           1   0.804   0.424  Inst_RI_Memo_Datapath/Inst_Memo_Datapath/Inst_Datapath/Inst_ALU_8bits/Maddsub_signal_res_addsub0000_xor<7> (Inst_RI_Memo_Datapath/Inst_Memo_Datapath/Inst_Datapath/Inst_ALU_8bits/signal_res_addsub0000<7>)
     LUT4:I3->O           11   0.704   0.933  Inst_RI_Memo_Datapath/Inst_Memo_Datapath/Inst_Datapath/Inst_ALU_8bits/Mmux_signal_res161 (SalALU_7_OBUF)
     OBUF:I->O                 3.272          SalALU_7_OBUF (SalALU<7>)
    ----------------------------------------
    Total                     11.621ns (8.224ns logic, 3.397ns route)
                                       (70.8% logic, 29.2% route)

=========================================================================


Total REAL time to Xst completion: 39.00 secs
Total CPU time to Xst completion: 39.11 secs
 
--> 

Total memory usage is 230832 kilobytes

Number of errors   :    0 (   0 filtered)
Number of warnings :    0 (   0 filtered)
Number of infos    :    2 (   0 filtered)

